2018-11-30 14:13:12 [scrapy.utils.log] INFO: Scrapy 1.5.1 started (bot: Daomu)
2018-11-30 14:13:12 [scrapy.utils.log] INFO: Versions: lxml 3.5.0.0, libxml2 2.9.3, cssselect 1.0.3, parsel 1.5.1, w3lib 1.19.0, Twisted 18.9.0, Python 3.5.2 (default, Nov 12 2018, 13:43:14) - [GCC 5.4.0 20160609], pyOpenSSL 18.0.0 (OpenSSL 1.0.2g  1 Mar 2016), cryptography 2.4.2, Platform Linux-4.4.0-96-generic-x86_64-with-Ubuntu-16.04-xenial
2018-11-30 14:13:12 [scrapy.crawler] INFO: Overridden settings: {'SPIDER_MODULES': ['Daomu.spiders'], 'NEWSPIDER_MODULE': 'Daomu.spiders', 'LOG_FILE': 'daomu.log', 'BOT_NAME': 'Daomu'}
2018-11-30 14:13:12 [scrapy.middleware] INFO: Enabled extensions:
['scrapy.extensions.corestats.CoreStats',
 'scrapy.extensions.memusage.MemoryUsage',
 'scrapy.extensions.telnet.TelnetConsole',
 'scrapy.extensions.logstats.LogStats']
2018-11-30 14:13:12 [scrapy.middleware] INFO: Enabled downloader middlewares:
['scrapy.downloadermiddlewares.httpauth.HttpAuthMiddleware',
 'scrapy.downloadermiddlewares.downloadtimeout.DownloadTimeoutMiddleware',
 'scrapy.downloadermiddlewares.defaultheaders.DefaultHeadersMiddleware',
 'scrapy.downloadermiddlewares.useragent.UserAgentMiddleware',
 'scrapy.downloadermiddlewares.retry.RetryMiddleware',
 'scrapy.downloadermiddlewares.redirect.MetaRefreshMiddleware',
 'scrapy.downloadermiddlewares.httpcompression.HttpCompressionMiddleware',
 'scrapy.downloadermiddlewares.redirect.RedirectMiddleware',
 'scrapy.downloadermiddlewares.cookies.CookiesMiddleware',
 'scrapy.downloadermiddlewares.httpproxy.HttpProxyMiddleware',
 'scrapy.downloadermiddlewares.stats.DownloaderStats']
2018-11-30 14:13:12 [scrapy.middleware] INFO: Enabled spider middlewares:
['scrapy.spidermiddlewares.httperror.HttpErrorMiddleware',
 'scrapy.spidermiddlewares.offsite.OffsiteMiddleware',
 'scrapy.spidermiddlewares.referer.RefererMiddleware',
 'scrapy.spidermiddlewares.urllength.UrlLengthMiddleware',
 'scrapy.spidermiddlewares.depth.DepthMiddleware']
2018-11-30 14:13:12 [scrapy.middleware] INFO: Enabled item pipelines:
['Daomu.pipelines.DaomuPipeline']
2018-11-30 14:13:12 [scrapy.core.engine] INFO: Spider opened
2018-11-30 14:13:12 [scrapy.extensions.logstats] INFO: Crawled 0 pages (at 0 pages/min), scraped 0 items (at 0 items/min)
2018-11-30 14:13:12 [scrapy.extensions.telnet] DEBUG: Telnet console listening on 127.0.0.1:6023
2018-11-30 14:13:13 [scrapy.core.engine] DEBUG: Crawled (200) <GET http://www.daomubiji.com/dao-mu-bi-ji-1> (referer: None)
2018-11-30 14:13:13 [scrapy.core.scraper] DEBUG: Scraped from <200 http://www.daomubiji.com/dao-mu-bi-ji-1>
{'bookName': '盗墓笔记1：七星鲁王宫',
 'bookTitle': '七星鲁王',
 'zhLink': 'http://www.daomubiji.com/qi-xing-lu-wang-01.html',
 'zhName': '血尸',
 'zhNum': '第一章'}
2018-11-30 14:13:13 [scrapy.core.scraper] DEBUG: Scraped from <200 http://www.daomubiji.com/dao-mu-bi-ji-1>
{'bookName': '盗墓笔记1：七星鲁王宫',
 'bookTitle': '七星鲁王',
 'zhLink': 'http://www.daomubiji.com/qi-xing-lu-wang-02.html',
 'zhName': '五十年后',
 'zhNum': '第二章'}
2018-11-30 14:13:13 [scrapy.core.scraper] DEBUG: Scraped from <200 http://www.daomubiji.com/dao-mu-bi-ji-1>
{'bookName': '盗墓笔记1：七星鲁王宫',
 'bookTitle': '七星鲁王',
 'zhLink': 'http://www.daomubiji.com/qi-xing-lu-wang-03.html',
 'zhName': '瓜子庙',
 'zhNum': '第三章'}
2018-11-30 14:13:13 [scrapy.core.scraper] DEBUG: Scraped from <200 http://www.daomubiji.com/dao-mu-bi-ji-1>
{'bookName': '盗墓笔记1：七星鲁王宫',
 'bookTitle': '七星鲁王',
 'zhLink': 'http://www.daomubiji.com/qi-xing-lu-wang-04.html',
 'zhName': '尸洞',
 'zhNum': '第四章'}
2018-11-30 14:13:13 [scrapy.core.scraper] DEBUG: Scraped from <200 http://www.daomubiji.com/dao-mu-bi-ji-1>
{'bookName': '盗墓笔记1：七星鲁王宫',
 'bookTitle': '七星鲁王',
 'zhLink': 'http://www.daomubiji.com/qi-xing-lu-wang-05.html',
 'zhName': '水影',
 'zhNum': '第五章'}
2018-11-30 14:13:13 [scrapy.core.scraper] DEBUG: Scraped from <200 http://www.daomubiji.com/dao-mu-bi-ji-1>
{'bookName': '盗墓笔记1：七星鲁王宫',
 'bookTitle': '七星鲁王',
 'zhLink': 'http://www.daomubiji.com/qi-xing-lu-wang-06.html',
 'zhName': '积尸地',
 'zhNum': '第六章'}
2018-11-30 14:13:13 [scrapy.core.scraper] DEBUG: Scraped from <200 http://www.daomubiji.com/dao-mu-bi-ji-1>
{'bookName': '盗墓笔记1：七星鲁王宫',
 'bookTitle': '七星鲁王',
 'zhLink': 'http://www.daomubiji.com/qi-xing-lu-wang-07.html',
 'zhName': '一百多个人头',
 'zhNum': '第七章'}
2018-11-30 14:13:13 [scrapy.core.scraper] DEBUG: Scraped from <200 http://www.daomubiji.com/dao-mu-bi-ji-1>
{'bookName': '盗墓笔记1：七星鲁王宫',
 'bookTitle': '七星鲁王',
 'zhLink': 'http://www.daomubiji.com/qi-xing-lu-wang-08.html',
 'zhName': '山谷',
 'zhNum': '第八章'}
2018-11-30 14:13:13 [scrapy.core.scraper] DEBUG: Scraped from <200 http://www.daomubiji.com/dao-mu-bi-ji-1>
{'bookName': '盗墓笔记1：七星鲁王宫',
 'bookTitle': '七星鲁王',
 'zhLink': 'http://www.daomubiji.com/qi-xing-lu-wang-09.html',
 'zhName': '古墓',
 'zhNum': '第九章'}
2018-11-30 14:13:13 [scrapy.core.scraper] DEBUG: Scraped from <200 http://www.daomubiji.com/dao-mu-bi-ji-1>
{'bookName': '盗墓笔记1：七星鲁王宫',
 'bookTitle': '七星鲁王',
 'zhLink': 'http://www.daomubiji.com/qi-xing-lu-wang-10.html',
 'zhName': '影子',
 'zhNum': '第十章'}
2018-11-30 14:13:13 [scrapy.core.scraper] DEBUG: Scraped from <200 http://www.daomubiji.com/dao-mu-bi-ji-1>
{'bookName': '盗墓笔记1：七星鲁王宫',
 'bookTitle': '七星鲁王',
 'zhLink': 'http://www.daomubiji.com/qi-xing-lu-wang-11.html',
 'zhName': '七星棺',
 'zhNum': '第十一章'}
2018-11-30 14:13:13 [scrapy.core.scraper] DEBUG: Scraped from <200 http://www.daomubiji.com/dao-mu-bi-ji-1>
{'bookName': '盗墓笔记1：七星鲁王宫',
 'bookTitle': '七星鲁王',
 'zhLink': 'http://www.daomubiji.com/qi-xing-lu-wang-12.html',
 'zhName': '门',
 'zhNum': '第十二章'}
2018-11-30 14:13:13 [scrapy.core.scraper] DEBUG: Scraped from <200 http://www.daomubiji.com/dao-mu-bi-ji-1>
{'bookName': '盗墓笔记1：七星鲁王宫',
 'bookTitle': '七星鲁王',
 'zhLink': 'http://www.daomubiji.com/qi-xing-lu-wang-13.html',
 'zhName': '02200059',
 'zhNum': '第十三章'}
2018-11-30 14:13:13 [scrapy.core.scraper] DEBUG: Scraped from <200 http://www.daomubiji.com/dao-mu-bi-ji-1>
{'bookName': '盗墓笔记1：七星鲁王宫',
 'bookTitle': '七星鲁王',
 'zhLink': 'http://www.daomubiji.com/qi-xing-lu-wang-14.html', 'zhName': '闷油瓶',
 'zhNum': '第十四章'}
2018-11-30 14:13:13 [scrapy.core.scraper] DEBUG: Scraped from <200 http://www.daomubiji.com/dao-mu-bi-ji-1>
{'bookName': '盗墓笔记1：七星鲁王宫',
 'bookTitle': '七星鲁王',
 'zhLink': 'http://www.daomubiji.com/qi-xing-lu-wang-15.html',
 'zhName': '屁',
 'zhNum': '第十五章'}
2018-11-30 14:13:13 [scrapy.core.scraper] DEBUG: Scraped from <200 http://www.daomubiji.com/dao-mu-bi-ji-1>
{'bookName': '盗墓笔记1：七星鲁王宫',
 'bookTitle': '七星鲁王',
 'zhLink': 'http://www.daomubiji.com/qi-xing-lu-wang-16.html',
 'zhName': '小手',
 'zhNum': '第十六章'}
2018-11-30 14:13:13 [scrapy.core.scraper] DEBUG: Scraped from <200 http://www.daomubiji.com/dao-mu-bi-ji-1>
{'bookName': '盗墓笔记1：七星鲁王宫',
 'bookTitle': '七星鲁王',
 'zhLink': 'http://www.daomubiji.com/qi-xing-lu-wang-17.html',
 'zhName': '洞',
 'zhNum': '第十七章'}
2018-11-30 14:13:13 [scrapy.core.scraper] DEBUG: Scraped from <200 http://www.daomubiji.com/dao-mu-bi-ji-1>
{'bookName': '盗墓笔记1：七星鲁王宫',
 'bookTitle': '七星鲁王',
 'zhLink': 'http://www.daomubiji.com/qi-xing-lu-wang-18.html',
 'zhName': '大树',
 'zhNum': '第十八章'}
2018-11-30 14:13:13 [scrapy.core.scraper] DEBUG: Scraped from <200 http://www.daomubiji.com/dao-mu-bi-ji-1>
{'bookName': '盗墓笔记1：七星鲁王宫',
 'bookTitle': '七星鲁王',
 'zhLink': 'http://www.daomubiji.com/qi-xing-lu-wang-19.html',
 'zhName': '女尸',
 'zhNum': '第十九章'}
2018-11-30 14:13:13 [scrapy.core.scraper] DEBUG: Scraped from <200 http://www.daomubiji.com/dao-mu-bi-ji-1>
{'bookName': '盗墓笔记1：七星鲁王宫',
 'bookTitle': '七星鲁王',
 'zhLink': 'http://www.daomubiji.com/qi-xing-lu-wang-20.html',
 'zhName': '钥匙',
 'zhNum': '第二十章'}
2018-11-30 14:13:13 [scrapy.core.scraper] DEBUG: Scraped from <200 http://www.daomubiji.com/dao-mu-bi-ji-1>
{'bookName': '盗墓笔记1：七星鲁王宫',
 'bookTitle': '七星鲁王',
 'zhLink': 'http://www.daomubiji.com/qi-xing-lu-wang-21.html',
 'zhName': '青眼狐尸',
 'zhNum': '第二十一章'}
2018-11-30 14:13:13 [scrapy.core.scraper] DEBUG: Scraped from <200 http://www.daomubiji.com/dao-mu-bi-ji-1>
{'bookName': '盗墓笔记1：七星鲁王宫',
 'bookTitle': '七星鲁王',
 'zhLink': 'http://www.daomubiji.com/qi-xing-lu-wang-22.html',
 'zhName': '八重宝函',
 'zhNum': '第二十二章'}
2018-11-30 14:13:13 [scrapy.core.scraper] DEBUG: Scraped from <200 http://www.daomubiji.com/dao-mu-bi-ji-1>
{'bookName': '盗墓笔记1：七星鲁王宫',
 'bookTitle': '七星鲁王',
 'zhLink': 'http://www.daomubiji.com/qi-xing-lu-wang-23.html',
 'zhName': '棺椁',
 'zhNum': '第二十三章'}
2018-11-30 14:13:13 [scrapy.core.scraper] DEBUG: Scraped from <200 http://www.daomubiji.com/dao-mu-bi-ji-1>
{'bookName': '盗墓笔记1：七星鲁王宫',
 'bookTitle': '七星鲁王',
 'zhLink': 'http://www.daomubiji.com/qi-xing-lu-wang-24.html',
 'zhName': '活尸',
 'zhNum': '第二十四章'}
2018-11-30 14:13:13 [scrapy.core.scraper] DEBUG: Scraped from <200 http://www.daomubiji.com/dao-mu-bi-ji-1>
{'bookName': '盗墓笔记1：七星鲁王宫',
 'bookTitle': '七星鲁王',
 'zhLink': 'http://www.daomubiji.com/qi-xing-lu-wang-25.html',
 'zhName': '玉俑',
 'zhNum': '第二十五章'}
2018-11-30 14:13:13 [scrapy.core.scraper] DEBUG: Scraped from <200 http://www.daomubiji.com/dao-mu-bi-ji-1>
{'bookName': '盗墓笔记1：七星鲁王宫',
 'bookTitle': '七星鲁王',
 'zhLink': 'http://www.daomubiji.com/qi-xing-lu-wang-26.html',
 'zhName': '紫玉匣子',
 'zhNum': '第二十六章'}
2018-11-30 14:13:13 [scrapy.core.scraper] DEBUG: Scraped from <200 http://www.daomubiji.com/dao-mu-bi-ji-1>
{'bookName': '盗墓笔记1：七星鲁王宫',
 'bookTitle': '七星鲁王',
 'zhLink': 'http://www.daomubiji.com/qi-xing-lu-wang-27.html',
 'zhName': '谎言',
 'zhNum': '第二十七章'}
2018-11-30 14:13:13 [scrapy.core.scraper] DEBUG: Scraped from <200 http://www.daomubiji.com/dao-mu-bi-ji-1>
{'bookName': '盗墓笔记1：七星鲁王宫',
 'bookTitle': '七星鲁王',
 'zhLink': 'http://www.daomubiji.com/qi-xing-lu-wang-28.html',
 'zhName': '火',
 'zhNum': '第二十八章'}
2018-11-30 14:13:13 [scrapy.core.scraper] DEBUG: Scraped from <200 http://www.daomubiji.com/dao-mu-bi-ji-1>
{'bookName': '盗墓笔记1：七星鲁王宫',
 'bookTitle': '七星鲁王',
 'zhLink': 'http://www.daomubiji.com/qi-xing-lu-wang-29.html',
 'zhName': '紫金匣',
 'zhNum': '第二十九章'}
2018-11-30 14:13:13 [scrapy.core.scraper] DEBUG: Scraped from <200 http://www.daomubiji.com/dao-mu-bi-ji-1>
{'bookName': '盗墓笔记1：七星鲁王宫',
 'bookTitle': '怒海潜沙',
 'zhLink': 'http://www.daomubiji.com/nu-hai-qian-sha-01.html',
 'zhName': '蛇眉铜鱼',
 'zhNum': '第一章'}
2018-11-30 14:13:13 [scrapy.core.scraper] DEBUG: Scraped from <200 http://www.daomubiji.com/dao-mu-bi-ji-1>
{'bookName': '盗墓笔记1：七星鲁王宫',
 'bookTitle': '怒海潜沙',
 'zhLink': 'http://www.daomubiji.com/nu-hai-qian-sha-02.html',
 'zhName': '双层墓墙',
 'zhNum': '第二章'}
2018-11-30 14:13:13 [scrapy.core.scraper] DEBUG: Scraped from <200 http://www.daomubiji.com/dao-mu-bi-ji-1>
{'bookName': '盗墓笔记1：七星鲁王宫',
 'bookTitle': '怒海潜沙',
 'zhLink': 'http://www.daomubiji.com/nu-hai-qian-sha-03.html',
 'zhName': '大风暴',
 'zhNum': '第三章'}
2018-11-30 14:13:13 [scrapy.core.scraper] DEBUG: Scraped from <200 http://www.daomubiji.com/dao-mu-bi-ji-1>
{'bookName': '盗墓笔记1：七星鲁王宫',
 'bookTitle': '怒海潜沙',
 'zhLink': 'http://www.daomubiji.com/nu-hai-qian-sha-04.html',
 'zhName': '海鬼',
 'zhNum': '第四章'}
2018-11-30 14:13:13 [scrapy.core.scraper] DEBUG: Scraped from <200 http://www.daomubiji.com/dao-mu-bi-ji-1>
{'bookName': '盗墓笔记1：七星鲁王宫',
 'bookTitle': '怒海潜沙',
 'zhLink': 'http://www.daomubiji.com/nu-hai-qian-sha-05.html',
 'zhName': '老照片',
 'zhNum': '第五章'}
2018-11-30 14:13:13 [scrapy.core.scraper] DEBUG: Scraped from <200 http://www.daomubiji.com/dao-mu-bi-ji-1>
{'bookName': '盗墓笔记1：七星鲁王宫',
 'bookTitle': '怒海潜沙',
 'zhLink': 'http://www.daomubiji.com/nu-hai-qian-sha-06.html',
 'zhName': '海南',
 'zhNum': '第六章'}
2018-11-30 14:13:13 [scrapy.core.scraper] DEBUG: Scraped from <200 http://www.daomubiji.com/dao-mu-bi-ji-1>
{'bookName': '盗墓笔记1：七星鲁王宫',
 'bookTitle': '怒海潜沙',
 'zhLink': 'http://www.daomubiji.com/nu-hai-qian-sha-07.html',
 'zhName': '女人',
 'zhNum': '第七章'}
2018-11-30 14:13:13 [scrapy.core.scraper] DEBUG: Scraped from <200 http://www.daomubiji.com/dao-mu-bi-ji-1>
{'bookName': '盗墓笔记1：七星鲁王宫',
 'bookTitle': '怒海潜沙',
 'zhLink': 'http://www.daomubiji.com/nu-hai-qian-sha-08.html',
 'zhName': '变天了',
 'zhNum': '第八章'}
2018-11-30 14:13:13 [scrapy.core.scraper] DEBUG: Scraped from <200 http://www.daomubiji.com/dao-mu-bi-ji-1>
{'bookName': '盗墓笔记1：七星鲁王宫',
 'bookTitle': '怒海潜沙',
 'zhLink': 'http://www.daomubiji.com/nu-hai-qian-sha-09.html',
 'zhName': '鬼船',
 'zhNum': '第九章'}
2018-11-30 14:13:13 [scrapy.core.scraper] DEBUG: Scraped from <200 http://www.daomubiji.com/dao-mu-bi-ji-1>
{'bookName': '盗墓笔记1：七星鲁王宫',
 'bookTitle': '怒海潜沙',
 'zhLink': 'http://www.daomubiji.com/nu-hai-qian-sha-10.html',
 'zhName': '枯手',
 'zhNum': '第十章'}
2018-11-30 14:13:13 [scrapy.core.scraper] DEBUG: Scraped from <200 http://www.daomubiji.com/dao-mu-bi-ji-1>
{'bookName': '盗墓笔记1：七星鲁王宫',
 'bookTitle': '怒海潜沙',
 'zhLink': 'http://www.daomubiji.com/nu-hai-qian-sha-11.html',
 'zhName': '甲板',
 'zhNum': '第十一章'}
2018-11-30 14:13:13 [scrapy.core.scraper] DEBUG: Scraped from <200 http://www.daomubiji.com/dao-mu-bi-ji-1>
{'bookName': '盗墓笔记1：七星鲁王宫',
 'bookTitle': '怒海潜沙',
 'zhLink': 'http://www.daomubiji.com/nu-hai-qian-sha-12.html',
 'zhName': '三叔的谎言',
 'zhNum': '第十二章'}
2018-11-30 14:13:13 [scrapy.core.scraper] DEBUG: Scraped from <200 http://www.daomubiji.com/dao-mu-bi-ji-1>
{'bookName': '盗墓笔记1：七星鲁王宫',
 'bookTitle': '怒海潜沙',
 'zhLink': 'http://www.daomubiji.com/nu-hai-qian-sha-13.html',
 'zhName': '海猴子',
 'zhNum': '第十三章'}
2018-11-30 14:13:13 [scrapy.core.scraper] DEBUG: Scraped from <200 http://www.daomubiji.com/dao-mu-bi-ji-1>
{'bookName': '盗墓笔记1：七星鲁王宫',
 'bookTitle': '怒海潜沙',
 'zhLink': 'http://www.daomubiji.com/nu-hai-qian-sha-14.html',
 'zhName': '永兴岛',
 'zhNum': '第十四章'}
2018-11-30 14:13:13 [scrapy.core.scraper] DEBUG: Scraped from <200 http://www.daomubiji.com/dao-mu-bi-ji-1>
{'bookName': '盗墓笔记1：七星鲁王宫',
 'bookTitle': '怒海潜沙',
 'zhLink': 'http://www.daomubiji.com/nu-hai-qian-sha-15.html',
 'zhName': '胖子',
 'zhNum': '第十五章'}
2018-11-30 14:13:13 [scrapy.core.scraper] DEBUG: Scraped from <200 http://www.daomubiji.com/dao-mu-bi-ji-1>
{'bookName': '盗墓笔记1：七星鲁王宫',
 'bookTitle': '怒海潜沙',
 'zhLink': 'http://www.daomubiji.com/nu-hai-qian-sha-16.html',
 'zhName': '开会',
 'zhNum': '第十六章'}
2018-11-30 14:13:13 [scrapy.core.scraper] DEBUG: Scraped from <200 http://www.daomubiji.com/dao-mu-bi-ji-1>
{'bookName': '盗墓笔记1：七星鲁王宫',
 'bookTitle': '怒海潜沙',
 'zhLink': 'http://www.daomubiji.com/nu-hai-qian-sha-17.html',
 'zhName': '头发',
 'zhNum': '第十七章'}
2018-11-30 14:13:13 [scrapy.core.scraper] DEBUG: Scraped from <200 http://www.daomubiji.com/dao-mu-bi-ji-1>
{'bookName': '盗墓笔记1：七星鲁王宫',
 'bookTitle': '怒海潜沙',
 'zhLink': 'http://www.daomubiji.com/nu-hai-qian-sha-18.html',
 'zhName': '大量头发',
 'zhNum': '第十八章'}
2018-11-30 14:13:13 [scrapy.core.scraper] DEBUG: Scraped from <200 http://www.daomubiji.com/dao-mu-bi-ji-1>
{'bookName': '盗墓笔记1：七星鲁王宫',
 'bookTitle': '怒海潜沙',
 'zhLink': 'http://www.daomubiji.com/nu-hai-qian-sha-19.html',
 'zhName': '大瓷罐',
 'zhNum': '第十九章'}
2018-11-30 14:13:13 [scrapy.core.scraper] DEBUG: Scraped from <200 http://www.daomubiji.com/dao-mu-bi-ji-1>
{'bookName': '盗墓笔记1：七星鲁王宫',
 'bookTitle': '怒海潜沙',
 'zhLink': 'http://www.daomubiji.com/nu-hai-qian-sha-20.html',
 'zhName': '甬道',
 'zhNum': '第二十章'}
2018-11-30 14:13:13 [scrapy.core.scraper] DEBUG: Scraped from <200 http://www.daomubiji.com/dao-mu-bi-ji-1>
{'bookName': '盗墓笔记1：七星鲁王宫',
 'bookTitle': '怒海潜沙',
 'zhLink': 'http://www.daomubiji.com/nu-hai-qian-sha-21.html',
 'zhName': '箭',
 'zhNum': '第二十一章'}
2018-11-30 14:13:13 [scrapy.core.scraper] DEBUG: Scraped from <200 http://www.daomubiji.com/dao-mu-bi-ji-1>
{'bookName': '盗墓笔记1：七星鲁王宫',
 'bookTitle': '怒海潜沙',
 'zhLink': 'http://www.daomubiji.com/nu-hai-qian-sha-22.html',
 'zhName': '第一次解迷',
 'zhNum': '第二十二章'}
2018-11-30 14:13:13 [scrapy.core.scraper] DEBUG: Scraped from <200 http://www.daomubiji.com/dao-mu-bi-ji-1>
{'bookName': '盗墓笔记1：七星鲁王宫',
 'bookTitle': '怒海潜沙',
 'zhLink': 'http://www.daomubiji.com/nu-hai-qian-sha-23.html',
 'zhName': '继续解迷',
 'zhNum': '第二十三章'}
2018-11-30 14:13:13 [scrapy.core.scraper] DEBUG: Scraped from <200 http://www.daomubiji.com/dao-mu-bi-ji-1>
{'bookName': '盗墓笔记1：七星鲁王宫',
 'bookTitle': '怒海潜沙',
 'zhLink': 'http://www.daomubiji.com/nu-hai-qian-sha-24.html',
 'zhName': '开棺',
 'zhNum': '第二十四章'}
2018-11-30 14:13:13 [scrapy.core.scraper] DEBUG: Scraped from <200 http://www.daomubiji.com/dao-mu-bi-ji-1>
{'bookName': '盗墓笔记1：七星鲁王宫',
 'bookTitle': '怒海潜沙',
 'zhLink': 'http://www.daomubiji.com/nu-hai-qian-sha-25.html',
 'zhName': '一个人',
 'zhNum': '第二十五章'}
2018-11-30 14:13:13 [scrapy.core.scraper] DEBUG: Scraped from <200 http://www.daomubiji.com/dao-mu-bi-ji-1>
{'bookName': '盗墓笔记1：七星鲁王宫',
 'bookTitle': '怒海潜沙',
 'zhLink': 'http://www.daomubiji.com/nu-hai-qian-sha-26.html',
 'zhName': '瓷画',
 'zhNum': '第二十六章'}
2018-11-30 14:13:13 [scrapy.core.scraper] DEBUG: Scraped from <200 http://www.daomubiji.com/dao-mu-bi-ji-1>
{'bookName': '盗墓笔记1：七星鲁王宫',
 'bookTitle': '怒海潜沙',
 'zhLink': 'http://www.daomubiji.com/nu-hai-qian-sha-27.html',
 'zhName': '无题',
 'zhNum': '第二十七章'}
2018-11-30 14:13:13 [scrapy.core.scraper] DEBUG: Scraped from <200 http://www.daomubiji.com/dao-mu-bi-ji-1>
{'bookName': '盗墓笔记1：七星鲁王宫',
 'bookTitle': '怒海潜沙',
 'zhLink': 'http://www.daomubiji.com/nu-hai-qian-sha-28.html',
 'zhName': '继续无题',
 'zhNum': '第二十八章'}
2018-11-30 14:13:13 [scrapy.core.scraper] DEBUG: Scraped from <200 http://www.daomubiji.com/dao-mu-bi-ji-1>
{'bookName': '盗墓笔记1：七星鲁王宫',
 'bookTitle': '怒海潜沙',
 'zhLink': 'http://www.daomubiji.com/nu-hai-qian-sha-29.html',
 'zhName': '石碑',
 'zhNum': '第二十九章'}
2018-11-30 14:13:13 [scrapy.core.scraper] DEBUG: Scraped from <200 http://www.daomubiji.com/dao-mu-bi-ji-1>
{'bookName': '盗墓笔记1：七星鲁王宫',
 'bookTitle': '怒海潜沙',
 'zhLink': 'http://www.daomubiji.com/nu-hai-qian-sha-30.html',
 'zhName': '池底',
 'zhNum': '第三十章'}
2018-11-30 14:13:13 [scrapy.core.scraper] DEBUG: Scraped from <200 http://www.daomubiji.com/dao-mu-bi-ji-1>
{'bookName': '盗墓笔记1：七星鲁王宫',
 'bookTitle': '怒海潜沙',
 'zhLink': 'http://www.daomubiji.com/nu-hai-qian-sha-31.html',
 'zhName': '二十年前',
 'zhNum': '第三十一章'}
2018-11-30 14:13:13 [scrapy.core.scraper] DEBUG: Scraped from <200 http://www.daomubiji.com/dao-mu-bi-ji-1>
{'bookName': '盗墓笔记1：七星鲁王宫',
 'bookTitle': '怒海潜沙',
 'zhLink': 'http://www.daomubiji.com/nu-hai-qian-sha-32.html',
 'zhName': '奇门遁甲',
 'zhNum': '第三十二章'}
2018-11-30 14:13:13 [scrapy.core.scraper] DEBUG: Scraped from <200 http://www.daomubiji.com/dao-mu-bi-ji-1>
{'bookName': '盗墓笔记1：七星鲁王宫',
 'bookTitle': '怒海潜沙',
 'zhLink': 'http://www.daomubiji.com/nu-hai-qian-sha-33.html',
 'zhName': '生门',
 'zhNum': '第三十三章'}
2018-11-30 14:13:13 [scrapy.core.scraper] DEBUG: Scraped from <200 http://www.daomubiji.com/dao-mu-bi-ji-1>
{'bookName': '盗墓笔记1：七星鲁王宫',
 'bookTitle': '怒海潜沙',
 'zhLink': 'http://www.daomubiji.com/nu-hai-qian-sha-34.html',
 'zhName': '连环',
 'zhNum': '第三十四章'}
2018-11-30 14:13:13 [scrapy.core.scraper] DEBUG: Scraped from <200 http://www.daomubiji.com/dao-mu-bi-ji-1>
{'bookName': '盗墓笔记1：七星鲁王宫',
 'bookTitle': '怒海潜沙',
 'zhLink': 'http://www.daomubiji.com/nu-hai-qian-sha-35.html',
 'zhName': '血字',
 'zhNum': '第三十五章'}
2018-11-30 14:13:13 [scrapy.core.scraper] DEBUG: Scraped from <200 http://www.daomubiji.com/dao-mu-bi-ji-1>
{'bookName': '盗墓笔记1：七星鲁王宫',
 'bookTitle': '怒海潜沙',
 'zhLink': 'http://www.daomubiji.com/nu-hai-qian-sha-36.html',
 'zhName': '脱困',
 'zhNum': '第三十六章'}
2018-11-30 14:13:13 [scrapy.core.scraper] DEBUG: Scraped from <200 http://www.daomubiji.com/dao-mu-bi-ji-1>
{'bookName': '盗墓笔记1：七星鲁王宫',
 'bookTitle': '怒海潜沙',
 'zhLink': 'http://www.daomubiji.com/nu-hai-qian-sha-37.html',
 'zhName': '盗洞',
 'zhNum': '第三十七章'}
2018-11-30 14:13:13 [scrapy.core.scraper] DEBUG: Scraped from <200 http://www.daomubiji.com/dao-mu-bi-ji-1>
{'bookName': '盗墓笔记1：七星鲁王宫',
 'bookTitle': '怒海潜沙',
 'zhLink': 'http://www.daomubiji.com/nu-hai-qian-sha-38.html',
 'zhName': '禁婆',
 'zhNum': '第三十八章'}
2018-11-30 14:13:13 [scrapy.core.scraper] DEBUG: Scraped from <200 http://www.daomubiji.com/dao-mu-bi-ji-1>
{'bookName': '盗墓笔记1：七星鲁王宫',
 'bookTitle': '怒海潜沙',
 'zhLink': 'http://www.daomubiji.com/nu-hai-qian-sha-39.html',
 'zhName': '混战',
 'zhNum': '第三十九章'}
2018-11-30 14:13:13 [scrapy.core.scraper] DEBUG: Scraped from <200 http://www.daomubiji.com/dao-mu-bi-ji-1>
{'bookName': '盗墓笔记1：七星鲁王宫',
 'bookTitle': '怒海潜沙',
 'zhLink': 'http://www.daomubiji.com/nu-hai-qian-sha-40.html',
 'zhName': '墙洞',
 'zhNum': '第四十章'}
2018-11-30 14:13:13 [scrapy.core.scraper] DEBUG: Scraped from <200 http://www.daomubiji.com/dao-mu-bi-ji-1>
{'bookName': '盗墓笔记1：七星鲁王宫',
 'bookTitle': '怒海潜沙',
 'zhLink': 'http://www.daomubiji.com/nu-hai-qian-sha-41.html',
 'zhName': '珊瑚树',
 'zhNum': '第四十一章'}
2018-11-30 14:13:13 [scrapy.core.scraper] DEBUG: Scraped from <200 http://www.daomubiji.com/dao-mu-bi-ji-1>
{'bookName': '盗墓笔记1：七星鲁王宫',
 'bookTitle': '怒海潜沙',
 'zhLink': 'http://www.daomubiji.com/nu-hai-qian-sha-42.html',
 'zhName': '困境',
 'zhNum': '第四十二章'}
2018-11-30 14:13:13 [scrapy.core.scraper] DEBUG: Scraped from <200 http://www.daomubiji.com/dao-mu-bi-ji-1>
{'bookName': '盗墓笔记1：七星鲁王宫',
 'bookTitle': '怒海潜沙',
 'zhLink': 'http://www.daomubiji.com/nu-hai-qian-sha-43.html',
 'zhName': '炸弹',
 'zhNum': '第四十三章'}
2018-11-30 14:13:13 [scrapy.core.scraper] DEBUG: Scraped from <200 http://www.daomubiji.com/dao-mu-bi-ji-1>
{'bookName': '盗墓笔记1：七星鲁王宫',
 'bookTitle': '怒海潜沙',
 'zhLink': 'http://www.daomubiji.com/nu-hai-qian-sha-44.html',
 'zhName': '脱皮',
 'zhNum': '第四十四章'}
2018-11-30 14:13:13 [scrapy.core.scraper] DEBUG: Scraped from <200 http://www.daomubiji.com/dao-mu-bi-ji-1>
{'bookName': '盗墓笔记1：七星鲁王宫',
 'bookTitle': '怒海潜沙',
 'zhLink': 'http://www.daomubiji.com/nu-hai-qian-sha-45.html',
 'zhName': '脱出',
 'zhNum': '第四十五章'}
2018-11-30 14:13:13 [scrapy.core.scraper] DEBUG: Scraped from <200 http://www.daomubiji.com/dao-mu-bi-ji-1>
{'bookName': '盗墓笔记1：七星鲁王宫',
 'bookTitle': '怒海潜沙',
 'zhLink': 'http://www.daomubiji.com/nu-hai-qian-sha-46.html',
 'zhName': '总结',
 'zhNum': '第四十六章'}
2018-11-30 14:13:13 [scrapy.core.engine] INFO: Closing spider (finished)
2018-11-30 14:13:13 [scrapy.statscollectors] INFO: Dumping Scrapy stats:
{'downloader/request_bytes': 207,
 'downloader/request_count': 1,
 'downloader/request_method_count/GET': 1,
 'downloader/response_bytes': 3919,
 'downloader/response_count': 1,
 'downloader/response_status_count/200': 1,
 'finish_reason': 'finished',
 'finish_time': datetime.datetime(2018, 11, 30, 6, 13, 13, 873810),
 'item_scraped_count': 75,
 'log_count/DEBUG': 77,
 'log_count/INFO': 7,
 'memusage/max': 49164288,
 'memusage/startup': 49164288,
 'response_received_count': 1,
 'scheduler/dequeued': 1,
 'scheduler/dequeued/memory': 1,
 'scheduler/enqueued': 1,
 'scheduler/enqueued/memory': 1,
 'start_time': datetime.datetime(2018, 11, 30, 6, 13, 12, 981829)}
2018-11-30 14:13:13 [scrapy.core.engine] INFO: Spider closed (finished)
2018-11-30 14:14:10 [scrapy.utils.log] INFO: Scrapy 1.5.1 started (bot: Daomu)
2018-11-30 14:14:10 [scrapy.utils.log] INFO: Versions: lxml 3.5.0.0, libxml2 2.9.3, cssselect 1.0.3, parsel 1.5.1, w3lib 1.19.0, Twisted 18.9.0, Python 3.5.2 (default, Nov 12 2018, 13:43:14) - [GCC 5.4.0 20160609], pyOpenSSL 18.0.0 (OpenSSL 1.0.2g  1 Mar 2016), cryptography 2.4.2, Platform Linux-4.4.0-96-generic-x86_64-with-Ubuntu-16.04-xenial
2018-11-30 14:14:10 [scrapy.crawler] INFO: Overridden settings: {'NEWSPIDER_MODULE': 'Daomu.spiders', 'BOT_NAME': 'Daomu', 'LOG_FILE': 'daomu.log', 'SPIDER_MODULES': ['Daomu.spiders']}
2018-11-30 14:14:10 [scrapy.middleware] INFO: Enabled extensions:
['scrapy.extensions.memusage.MemoryUsage',
 'scrapy.extensions.telnet.TelnetConsole',
 'scrapy.extensions.corestats.CoreStats',
 'scrapy.extensions.logstats.LogStats']
2018-11-30 14:14:10 [scrapy.middleware] INFO: Enabled downloader middlewares:
['scrapy.downloadermiddlewares.httpauth.HttpAuthMiddleware',
 'scrapy.downloadermiddlewares.downloadtimeout.DownloadTimeoutMiddleware',
 'scrapy.downloadermiddlewares.defaultheaders.DefaultHeadersMiddleware',
 'scrapy.downloadermiddlewares.useragent.UserAgentMiddleware',
 'scrapy.downloadermiddlewares.retry.RetryMiddleware',
 'scrapy.downloadermiddlewares.redirect.MetaRefreshMiddleware',
 'scrapy.downloadermiddlewares.httpcompression.HttpCompressionMiddleware',
 'scrapy.downloadermiddlewares.redirect.RedirectMiddleware',
 'scrapy.downloadermiddlewares.cookies.CookiesMiddleware',
 'scrapy.downloadermiddlewares.httpproxy.HttpProxyMiddleware',
 'scrapy.downloadermiddlewares.stats.DownloaderStats']
2018-11-30 14:14:10 [scrapy.middleware] INFO: Enabled spider middlewares:
['scrapy.spidermiddlewares.httperror.HttpErrorMiddleware',
 'scrapy.spidermiddlewares.offsite.OffsiteMiddleware',
 'scrapy.spidermiddlewares.referer.RefererMiddleware',
 'scrapy.spidermiddlewares.urllength.UrlLengthMiddleware',
 'scrapy.spidermiddlewares.depth.DepthMiddleware']
2018-11-30 14:14:10 [scrapy.middleware] INFO: Enabled item pipelines:
['Daomu.pipelines.DaomuPipeline']
2018-11-30 14:14:10 [scrapy.core.engine] INFO: Spider opened
2018-11-30 14:14:10 [scrapy.extensions.logstats] INFO: Crawled 0 pages (at 0 pages/min), scraped 0 items (at 0 items/min)
2018-11-30 14:14:10 [scrapy.extensions.telnet] DEBUG: Telnet console listening on 127.0.0.1:6023
2018-11-30 14:14:10 [scrapy.core.engine] DEBUG: Crawled (200) <GET http://www.daomubiji.com/dao-mu-bi-ji-1> (referer: None)
2018-11-30 14:14:10 [scrapy.core.scraper] DEBUG: Scraped from <200 http://www.daomubiji.com/dao-mu-bi-ji-1>
{'bookName': '盗墓笔记1：七星鲁王宫',
 'bookTitle': '七星鲁王',
 'zhLink': 'http://www.daomubiji.com/qi-xing-lu-wang-01.html',
 'zhName': '血尸',
 'zhNum': '第一章'}
2018-11-30 14:14:10 [scrapy.core.scraper] DEBUG: Scraped from <200 http://www.daomubiji.com/dao-mu-bi-ji-1>
{'bookName': '盗墓笔记1：七星鲁王宫',
 'bookTitle': '七星鲁王',
 'zhLink': 'http://www.daomubiji.com/qi-xing-lu-wang-02.html',
 'zhName': '五十年后',
 'zhNum': '第二章'}
2018-11-30 14:14:10 [scrapy.core.scraper] DEBUG: Scraped from <200 http://www.daomubiji.com/dao-mu-bi-ji-1>
{'bookName': '盗墓笔记1：七星鲁王宫',
 'bookTitle': '七星鲁王',
 'zhLink': 'http://www.daomubiji.com/qi-xing-lu-wang-03.html',
 'zhName': '瓜子庙',
 'zhNum': '第三章'}
2018-11-30 14:14:10 [scrapy.core.scraper] DEBUG: Scraped from <200 http://www.daomubiji.com/dao-mu-bi-ji-1>
{'bookName': '盗墓笔记1：七星鲁王宫',
 'bookTitle': '七星鲁王',
 'zhLink': 'http://www.daomubiji.com/qi-xing-lu-wang-04.html',
 'zhName': '尸洞',
 'zhNum': '第四章'}
2018-11-30 14:14:10 [scrapy.core.scraper] DEBUG: Scraped from <200 http://www.daomubiji.com/dao-mu-bi-ji-1>
{'bookName': '盗墓笔记1：七星鲁王宫',
 'bookTitle': '七星鲁王',
 'zhLink': 'http://www.daomubiji.com/qi-xing-lu-wang-05.html',
 'zhName': '水影',
 'zhNum': '第五章'}
2018-11-30 14:14:10 [scrapy.core.scraper] DEBUG: Scraped from <200 http://www.daomubiji.com/dao-mu-bi-ji-1>
{'bookName': '盗墓笔记1：七星鲁王宫',
 'bookTitle': '七星鲁王',
 'zhLink': 'http://www.daomubiji.com/qi-xing-lu-wang-06.html',
 'zhName': '积尸地',
 'zhNum': '第六章'}
2018-11-30 14:14:10 [scrapy.core.scraper] DEBUG: Scraped from <200 http://www.daomubiji.com/dao-mu-bi-ji-1>
{'bookName': '盗墓笔记1：七星鲁王宫',
 'bookTitle': '七星鲁王',
 'zhLink': 'http://www.daomubiji.com/qi-xing-lu-wang-07.html',
 'zhName': '一百多个人头',
 'zhNum': '第七章'}
2018-11-30 14:14:10 [scrapy.core.scraper] DEBUG: Scraped from <200 http://www.daomubiji.com/dao-mu-bi-ji-1>
{'bookName': '盗墓笔记1：七星鲁王宫',
 'bookTitle': '七星鲁王',
 'zhLink': 'http://www.daomubiji.com/qi-xing-lu-wang-08.html',
 'zhName': '山谷',
 'zhNum': '第八章'}
2018-11-30 14:14:10 [scrapy.core.scraper] DEBUG: Scraped from <200 http://www.daomubiji.com/dao-mu-bi-ji-1>
{'bookName': '盗墓笔记1：七星鲁王宫',
 'bookTitle': '七星鲁王',
 'zhLink': 'http://www.daomubiji.com/qi-xing-lu-wang-09.html',
 'zhName': '古墓',
 'zhNum': '第九章'}
2018-11-30 14:14:10 [scrapy.core.scraper] DEBUG: Scraped from <200 http://www.daomubiji.com/dao-mu-bi-ji-1>
{'bookName': '盗墓笔记1：七星鲁王宫',
 'bookTitle': '七星鲁王',
 'zhLink': 'http://www.daomubiji.com/qi-xing-lu-wang-10.html',
 'zhName': '影子',
 'zhNum': '第十章'}
2018-11-30 14:14:10 [scrapy.core.scraper] DEBUG: Scraped from <200 http://www.daomubiji.com/dao-mu-bi-ji-1>
{'bookName': '盗墓笔记1：七星鲁王宫',
 'bookTitle': '七星鲁王',
 'zhLink': 'http://www.daomubiji.com/qi-xing-lu-wang-11.html',
 'zhName': '七星棺',
 'zhNum': '第十一章'}
2018-11-30 14:14:10 [scrapy.core.scraper] DEBUG: Scraped from <200 http://www.daomubiji.com/dao-mu-bi-ji-1>
{'bookName': '盗墓笔记1：七星鲁王宫',
 'bookTitle': '七星鲁王',
 'zhLink': 'http://www.daomubiji.com/qi-xing-lu-wang-12.html',
 'zhName': '门',
 'zhNum': '第十二章'}
2018-11-30 14:14:10 [scrapy.core.scraper] DEBUG: Scraped from <200 http://www.daomubiji.com/dao-mu-bi-ji-1>
{'bookName': '盗墓笔记1：七星鲁王宫',
 'bookTitle': '七星鲁王',
 'zhLink': 'http://www.daomubiji.com/qi-xing-lu-wang-13.html',
 'zhName': '02200059',
 'zhNum': '第十三章'}
2018-11-30 14:14:10 [scrapy.core.scraper] DEBUG: Scraped from <200 http://www.daomubiji.com/dao-mu-bi-ji-1>
{'bookName': '盗墓笔记1：七星鲁王宫',
 'bookTitle': '七星鲁王',
 'zhLink': 'http://www.daomubiji.com/qi-xing-lu-wang-14.html',
 'zhName': '闷油瓶',
 'zhNum': '第十四章'}
2018-11-30 14:14:10 [scrapy.core.scraper] DEBUG: Scraped from <200 http://www.daomubiji.com/dao-mu-bi-ji-1>
{'bookName': '盗墓笔记1：七星鲁王宫',
 'bookTitle': '七星鲁王',
 'zhLink': 'http://www.daomubiji.com/qi-xing-lu-wang-15.html',
 'zhName': '屁',
 'zhNum': '第十五章'}
2018-11-30 14:14:10 [scrapy.core.scraper] DEBUG: Scraped from <200 http://www.daomubiji.com/dao-mu-bi-ji-1>
{'bookName': '盗墓笔记1：七星鲁王宫',
 'bookTitle': '七星鲁王',
 'zhLink': 'http://www.daomubiji.com/qi-xing-lu-wang-16.html',
 'zhName': '小手',
 'zhNum': '第十六章'}
2018-11-30 14:14:10 [scrapy.core.scraper] DEBUG: Scraped from <200 http://www.daomubiji.com/dao-mu-bi-ji-1>
{'bookName': '盗墓笔记1：七星鲁王宫',
 'bookTitle': '七星鲁王',
 'zhLink': 'http://www.daomubiji.com/qi-xing-lu-wang-17.html',
 'zhName': '洞',
 'zhNum': '第十七章'}
2018-11-30 14:14:10 [scrapy.core.scraper] DEBUG: Scraped from <200 http://www.daomubiji.com/dao-mu-bi-ji-1>
{'bookName': '盗墓笔记1：七星鲁王宫',
 'bookTitle': '七星鲁王',
 'zhLink': 'http://www.daomubiji.com/qi-xing-lu-wang-18.html',
 'zhName': '大树',
 'zhNum': '第十八章'}
2018-11-30 14:14:10 [scrapy.core.scraper] DEBUG: Scraped from <200 http://www.daomubiji.com/dao-mu-bi-ji-1>
{'bookName': '盗墓笔记1：七星鲁王宫',
 'bookTitle': '七星鲁王',
 'zhLink': 'http://www.daomubiji.com/qi-xing-lu-wang-19.html',
 'zhName': '女尸',
 'zhNum': '第十九章'}
2018-11-30 14:14:10 [scrapy.core.scraper] DEBUG: Scraped from <200 http://www.daomubiji.com/dao-mu-bi-ji-1>
{'bookName': '盗墓笔记1：七星鲁王宫',
 'bookTitle': '七星鲁王',
 'zhLink': 'http://www.daomubiji.com/qi-xing-lu-wang-20.html',
 'zhName': '钥匙',
 'zhNum': '第二十章'}
2018-11-30 14:14:10 [scrapy.core.scraper] DEBUG: Scraped from <200 http://www.daomubiji.com/dao-mu-bi-ji-1>
{'bookName': '盗墓笔记1：七星鲁王宫',
 'bookTitle': '七星鲁王',
 'zhLink': 'http://www.daomubiji.com/qi-xing-lu-wang-21.html',
 'zhName': '青眼狐尸',
 'zhNum': '第二十一章'}
2018-11-30 14:14:10 [scrapy.core.scraper] DEBUG: Scraped from <200 http://www.daomubiji.com/dao-mu-bi-ji-1>
{'bookName': '盗墓笔记1：七星鲁王宫',
 'bookTitle': '七星鲁王',
 'zhLink': 'http://www.daomubiji.com/qi-xing-lu-wang-22.html',
 'zhName': '八重宝函',
 'zhNum': '第二十二章'}
2018-11-30 14:14:10 [scrapy.core.scraper] DEBUG: Scraped from <200 http://www.daomubiji.com/dao-mu-bi-ji-1>
{'bookName': '盗墓笔记1：七星鲁王宫',
 'bookTitle': '七星鲁王',
 'zhLink': 'http://www.daomubiji.com/qi-xing-lu-wang-23.html',
 'zhName': '棺椁',
 'zhNum': '第二十三章'}
2018-11-30 14:14:10 [scrapy.core.scraper] DEBUG: Scraped from <200 http://www.daomubiji.com/dao-mu-bi-ji-1>
{'bookName': '盗墓笔记1：七星鲁王宫',
 'bookTitle': '七星鲁王',
 'zhLink': 'http://www.daomubiji.com/qi-xing-lu-wang-24.html',
 'zhName': '活尸',
 'zhNum': '第二十四章'}
2018-11-30 14:14:10 [scrapy.core.scraper] DEBUG: Scraped from <200 http://www.daomubiji.com/dao-mu-bi-ji-1>
{'bookName': '盗墓笔记1：七星鲁王宫',
 'bookTitle': '七星鲁王',
 'zhLink': 'http://www.daomubiji.com/qi-xing-lu-wang-25.html',
 'zhName': '玉俑',
 'zhNum': '第二十五章'}
2018-11-30 14:14:10 [scrapy.core.scraper] DEBUG: Scraped from <200 http://www.daomubiji.com/dao-mu-bi-ji-1>
{'bookName': '盗墓笔记1：七星鲁王宫',
 'bookTitle': '七星鲁王',
 'zhLink': 'http://www.daomubiji.com/qi-xing-lu-wang-26.html',
 'zhName': '紫玉匣子',
 'zhNum': '第二十六章'}
2018-11-30 14:14:10 [scrapy.core.scraper] DEBUG: Scraped from <200 http://www.daomubiji.com/dao-mu-bi-ji-1>
{'bookName': '盗墓笔记1：七星鲁王宫',
 'bookTitle': '七星鲁王',
 'zhLink': 'http://www.daomubiji.com/qi-xing-lu-wang-27.html',
 'zhName': '谎言',
 'zhNum': '第二十七章'}
2018-11-30 14:14:10 [scrapy.core.scraper] DEBUG: Scraped from <200 http://www.daomubiji.com/dao-mu-bi-ji-1>
{'bookName': '盗墓笔记1：七星鲁王宫',
 'bookTitle': '七星鲁王',
 'zhLink': 'http://www.daomubiji.com/qi-xing-lu-wang-28.html',
 'zhName': '火',
 'zhNum': '第二十八章'}
2018-11-30 14:14:10 [scrapy.core.scraper] DEBUG: Scraped from <200 http://www.daomubiji.com/dao-mu-bi-ji-1>
{'bookName': '盗墓笔记1：七星鲁王宫',
 'bookTitle': '七星鲁王',
 'zhLink': 'http://www.daomubiji.com/qi-xing-lu-wang-29.html',
 'zhName': '紫金匣',
 'zhNum': '第二十九章'}
2018-11-30 14:14:10 [scrapy.core.scraper] DEBUG: Scraped from <200 http://www.daomubiji.com/dao-mu-bi-ji-1>
{'bookName': '盗墓笔记1：七星鲁王宫',
 'bookTitle': '怒海潜沙',
 'zhLink': 'http://www.daomubiji.com/nu-hai-qian-sha-01.html',
 'zhName': '蛇眉铜鱼',
 'zhNum': '第一章'}
2018-11-30 14:14:10 [scrapy.core.scraper] DEBUG: Scraped from <200 http://www.daomubiji.com/dao-mu-bi-ji-1>
{'bookName': '盗墓笔记1：七星鲁王宫',
 'bookTitle': '怒海潜沙',
 'zhLink': 'http://www.daomubiji.com/nu-hai-qian-sha-02.html',
 'zhName': '双层墓墙',
 'zhNum': '第二章'}
2018-11-30 14:14:10 [scrapy.core.scraper] DEBUG: Scraped from <200 http://www.daomubiji.com/dao-mu-bi-ji-1>
{'bookName': '盗墓笔记1：七星鲁王宫',
 'bookTitle': '怒海潜沙',
 'zhLink': 'http://www.daomubiji.com/nu-hai-qian-sha-03.html',
 'zhName': '大风暴',
 'zhNum': '第三章'}
2018-11-30 14:14:10 [scrapy.core.scraper] DEBUG: Scraped from <200 http://www.daomubiji.com/dao-mu-bi-ji-1>
{'bookName': '盗墓笔记1：七星鲁王宫',
 'bookTitle': '怒海潜沙',
 'zhLink': 'http://www.daomubiji.com/nu-hai-qian-sha-04.html',
 'zhName': '海鬼',
 'zhNum': '第四章'}
2018-11-30 14:14:10 [scrapy.core.scraper] DEBUG: Scraped from <200 http://www.daomubiji.com/dao-mu-bi-ji-1>
{'bookName': '盗墓笔记1：七星鲁王宫',
 'bookTitle': '怒海潜沙',
 'zhLink': 'http://www.daomubiji.com/nu-hai-qian-sha-05.html',
 'zhName': '老照片',
 'zhNum': '第五章'}
2018-11-30 14:14:10 [scrapy.core.scraper] DEBUG: Scraped from <200 http://www.daomubiji.com/dao-mu-bi-ji-1>
{'bookName': '盗墓笔记1：七星鲁王宫',
 'bookTitle': '怒海潜沙',
 'zhLink': 'http://www.daomubiji.com/nu-hai-qian-sha-06.html',
 'zhName': '海南',
 'zhNum': '第六章'}
2018-11-30 14:14:10 [scrapy.core.scraper] DEBUG: Scraped from <200 http://www.daomubiji.com/dao-mu-bi-ji-1>
{'bookName': '盗墓笔记1：七星鲁王宫',
 'bookTitle': '怒海潜沙',
 'zhLink': 'http://www.daomubiji.com/nu-hai-qian-sha-07.html',
 'zhName': '女人',
 'zhNum': '第七章'}
2018-11-30 14:14:10 [scrapy.core.scraper] DEBUG: Scraped from <200 http://www.daomubiji.com/dao-mu-bi-ji-1>
{'bookName': '盗墓笔记1：七星鲁王宫',
 'bookTitle': '怒海潜沙',
 'zhLink': 'http://www.daomubiji.com/nu-hai-qian-sha-08.html',
 'zhName': '变天了',
 'zhNum': '第八章'}
2018-11-30 14:14:10 [scrapy.core.scraper] DEBUG: Scraped from <200 http://www.daomubiji.com/dao-mu-bi-ji-1>
{'bookName': '盗墓笔记1：七星鲁王宫',
 'bookTitle': '怒海潜沙',
 'zhLink': 'http://www.daomubiji.com/nu-hai-qian-sha-09.html',
 'zhName': '鬼船',
 'zhNum': '第九章'}
2018-11-30 14:14:10 [scrapy.core.scraper] DEBUG: Scraped from <200 http://www.daomubiji.com/dao-mu-bi-ji-1>
{'bookName': '盗墓笔记1：七星鲁王宫',
 'bookTitle': '怒海潜沙',
 'zhLink': 'http://www.daomubiji.com/nu-hai-qian-sha-10.html',
 'zhName': '枯手',
 'zhNum': '第十章'}
2018-11-30 14:14:10 [scrapy.core.scraper] DEBUG: Scraped from <200 http://www.daomubiji.com/dao-mu-bi-ji-1>
{'bookName': '盗墓笔记1：七星鲁王宫',
 'bookTitle': '怒海潜沙',
 'zhLink': 'http://www.daomubiji.com/nu-hai-qian-sha-11.html',
 'zhName': '甲板',
 'zhNum': '第十一章'}
2018-11-30 14:14:10 [scrapy.core.scraper] DEBUG: Scraped from <200 http://www.daomubiji.com/dao-mu-bi-ji-1>
{'bookName': '盗墓笔记1：七星鲁王宫',
 'bookTitle': '怒海潜沙',
 'zhLink': 'http://www.daomubiji.com/nu-hai-qian-sha-12.html',
 'zhName': '三叔的谎言',
 'zhNum': '第十二章'}
2018-11-30 14:14:10 [scrapy.core.scraper] DEBUG: Scraped from <200 http://www.daomubiji.com/dao-mu-bi-ji-1>
{'bookName': '盗墓笔记1：七星鲁王宫',
 'bookTitle': '怒海潜沙',
 'zhLink': 'http://www.daomubiji.com/nu-hai-qian-sha-13.html',
 'zhName': '海猴子',
 'zhNum': '第十三章'}
2018-11-30 14:14:10 [scrapy.core.scraper] DEBUG: Scraped from <200 http://www.daomubiji.com/dao-mu-bi-ji-1>
{'bookName': '盗墓笔记1：七星鲁王宫',
 'bookTitle': '怒海潜沙',
 'zhLink': 'http://www.daomubiji.com/nu-hai-qian-sha-14.html',
 'zhName': '永兴岛',
 'zhNum': '第十四章'}
2018-11-30 14:14:10 [scrapy.core.scraper] DEBUG: Scraped from <200 http://www.daomubiji.com/dao-mu-bi-ji-1>
{'bookName': '盗墓笔记1：七星鲁王宫',
 'bookTitle': '怒海潜沙',
 'zhLink': 'http://www.daomubiji.com/nu-hai-qian-sha-15.html',
 'zhName': '胖子',
 'zhNum': '第十五章'}
2018-11-30 14:14:10 [scrapy.core.scraper] DEBUG: Scraped from <200 http://www.daomubiji.com/dao-mu-bi-ji-1>
{'bookName': '盗墓笔记1：七星鲁王宫',
 'bookTitle': '怒海潜沙',
 'zhLink': 'http://www.daomubiji.com/nu-hai-qian-sha-16.html',
 'zhName': '开会',
 'zhNum': '第十六章'}
2018-11-30 14:14:10 [scrapy.core.scraper] DEBUG: Scraped from <200 http://www.daomubiji.com/dao-mu-bi-ji-1>
{'bookName': '盗墓笔记1：七星鲁王宫',
 'bookTitle': '怒海潜沙',
 'zhLink': 'http://www.daomubiji.com/nu-hai-qian-sha-17.html',
 'zhName': '头发',
 'zhNum': '第十七章'}
2018-11-30 14:14:10 [scrapy.core.scraper] DEBUG: Scraped from <200 http://www.daomubiji.com/dao-mu-bi-ji-1>
{'bookName': '盗墓笔记1：七星鲁王宫',
 'bookTitle': '怒海潜沙',
 'zhLink': 'http://www.daomubiji.com/nu-hai-qian-sha-18.html',
 'zhName': '大量头发',
 'zhNum': '第十八章'}
2018-11-30 14:14:10 [scrapy.core.scraper] DEBUG: Scraped from <200 http://www.daomubiji.com/dao-mu-bi-ji-1>
{'bookName': '盗墓笔记1：七星鲁王宫',
 'bookTitle': '怒海潜沙',
 'zhLink': 'http://www.daomubiji.com/nu-hai-qian-sha-19.html',
 'zhName': '大瓷罐',
 'zhNum': '第十九章'}
2018-11-30 14:14:10 [scrapy.core.scraper] DEBUG: Scraped from <200 http://www.daomubiji.com/dao-mu-bi-ji-1>
{'bookName': '盗墓笔记1：七星鲁王宫',
 'bookTitle': '怒海潜沙',
 'zhLink': 'http://www.daomubiji.com/nu-hai-qian-sha-20.html',
 'zhName': '甬道',
 'zhNum': '第二十章'}
2018-11-30 14:14:10 [scrapy.core.scraper] DEBUG: Scraped from <200 http://www.daomubiji.com/dao-mu-bi-ji-1>
{'bookName': '盗墓笔记1：七星鲁王宫',
 'bookTitle': '怒海潜沙',
 'zhLink': 'http://www.daomubiji.com/nu-hai-qian-sha-21.html',
 'zhName': '箭',
 'zhNum': '第二十一章'}
2018-11-30 14:14:10 [scrapy.core.scraper] DEBUG: Scraped from <200 http://www.daomubiji.com/dao-mu-bi-ji-1>
{'bookName': '盗墓笔记1：七星鲁王宫',
 'bookTitle': '怒海潜沙',
 'zhLink': 'http://www.daomubiji.com/nu-hai-qian-sha-22.html',
 'zhName': '第一次解迷',
 'zhNum': '第二十二章'}
2018-11-30 14:14:10 [scrapy.core.scraper] DEBUG: Scraped from <200 http://www.daomubiji.com/dao-mu-bi-ji-1>
{'bookName': '盗墓笔记1：七星鲁王宫',
 'bookTitle': '怒海潜沙',
 'zhLink': 'http://www.daomubiji.com/nu-hai-qian-sha-23.html',
 'zhName': '继续解迷',
 'zhNum': '第二十三章'}
2018-11-30 14:14:10 [scrapy.core.scraper] DEBUG: Scraped from <200 http://www.daomubiji.com/dao-mu-bi-ji-1>
{'bookName': '盗墓笔记1：七星鲁王宫',
 'bookTitle': '怒海潜沙',
 'zhLink': 'http://www.daomubiji.com/nu-hai-qian-sha-24.html',
 'zhName': '开棺',
 'zhNum': '第二十四章'}
2018-11-30 14:14:10 [scrapy.core.scraper] DEBUG: Scraped from <200 http://www.daomubiji.com/dao-mu-bi-ji-1>
{'bookName': '盗墓笔记1：七星鲁王宫',
 'bookTitle': '怒海潜沙',
 'zhLink': 'http://www.daomubiji.com/nu-hai-qian-sha-25.html',
 'zhName': '一个人',
 'zhNum': '第二十五章'}
2018-11-30 14:14:10 [scrapy.core.scraper] DEBUG: Scraped from <200 http://www.daomubiji.com/dao-mu-bi-ji-1>
{'bookName': '盗墓笔记1：七星鲁王宫',
 'bookTitle': '怒海潜沙',
 'zhLink': 'http://www.daomubiji.com/nu-hai-qian-sha-26.html',
 'zhName': '瓷画',
 'zhNum': '第二十六章'}
2018-11-30 14:14:10 [scrapy.core.scraper] DEBUG: Scraped from <200 http://www.daomubiji.com/dao-mu-bi-ji-1>
{'bookName': '盗墓笔记1：七星鲁王宫',
 'bookTitle': '怒海潜沙',
 'zhLink': 'http://www.daomubiji.com/nu-hai-qian-sha-27.html',
 'zhName': '无题',
 'zhNum': '第二十七章'}
2018-11-30 14:14:10 [scrapy.core.scraper] DEBUG: Scraped from <200 http://www.daomubiji.com/dao-mu-bi-ji-1>
{'bookName': '盗墓笔记1：七星鲁王宫',
 'bookTitle': '怒海潜沙',
 'zhLink': 'http://www.daomubiji.com/nu-hai-qian-sha-28.html',
 'zhName': '继续无题',
 'zhNum': '第二十八章'}
2018-11-30 14:14:10 [scrapy.core.scraper] DEBUG: Scraped from <200 http://www.daomubiji.com/dao-mu-bi-ji-1>
{'bookName': '盗墓笔记1：七星鲁王宫',
 'bookTitle': '怒海潜沙',
 'zhLink': 'http://www.daomubiji.com/nu-hai-qian-sha-29.html',
 'zhName': '石碑',
 'zhNum': '第二十九章'}
2018-11-30 14:14:10 [scrapy.core.scraper] DEBUG: Scraped from <200 http://www.daomubiji.com/dao-mu-bi-ji-1>
{'bookName': '盗墓笔记1：七星鲁王宫',
 'bookTitle': '怒海潜沙',
 'zhLink': 'http://www.daomubiji.com/nu-hai-qian-sha-30.html',
 'zhName': '池底',
 'zhNum': '第三十章'}
2018-11-30 14:14:10 [scrapy.core.scraper] DEBUG: Scraped from <200 http://www.daomubiji.com/dao-mu-bi-ji-1>
{'bookName': '盗墓笔记1：七星鲁王宫',
 'bookTitle': '怒海潜沙',
 'zhLink': 'http://www.daomubiji.com/nu-hai-qian-sha-31.html',
 'zhName': '二十年前',
 'zhNum': '第三十一章'}
2018-11-30 14:14:10 [scrapy.core.scraper] DEBUG: Scraped from <200 http://www.daomubiji.com/dao-mu-bi-ji-1>
{'bookName': '盗墓笔记1：七星鲁王宫',
 'bookTitle': '怒海潜沙',
 'zhLink': 'http://www.daomubiji.com/nu-hai-qian-sha-32.html',
 'zhName': '奇门遁甲',
 'zhNum': '第三十二章'}
2018-11-30 14:14:10 [scrapy.core.scraper] DEBUG: Scraped from <200 http://www.daomubiji.com/dao-mu-bi-ji-1>
{'bookName': '盗墓笔记1：七星鲁王宫',
 'bookTitle': '怒海潜沙',
 'zhLink': 'http://www.daomubiji.com/nu-hai-qian-sha-33.html',
 'zhName': '生门',
 'zhNum': '第三十三章'}
2018-11-30 14:14:10 [scrapy.core.scraper] DEBUG: Scraped from <200 http://www.daomubiji.com/dao-mu-bi-ji-1>
{'bookName': '盗墓笔记1：七星鲁王宫',
 'bookTitle': '怒海潜沙',
 'zhLink': 'http://www.daomubiji.com/nu-hai-qian-sha-34.html',
 'zhName': '连环',
 'zhNum': '第三十四章'}
2018-11-30 14:14:10 [scrapy.core.scraper] DEBUG: Scraped from <200 http://www.daomubiji.com/dao-mu-bi-ji-1>
{'bookName': '盗墓笔记1：七星鲁王宫',
 'bookTitle': '怒海潜沙',
 'zhLink': 'http://www.daomubiji.com/nu-hai-qian-sha-35.html',
 'zhName': '血字',
 'zhNum': '第三十五章'}
2018-11-30 14:14:10 [scrapy.core.scraper] DEBUG: Scraped from <200 http://www.daomubiji.com/dao-mu-bi-ji-1>
{'bookName': '盗墓笔记1：七星鲁王宫',
 'bookTitle': '怒海潜沙',
 'zhLink': 'http://www.daomubiji.com/nu-hai-qian-sha-36.html',
 'zhName': '脱困',
 'zhNum': '第三十六章'}
2018-11-30 14:14:10 [scrapy.core.scraper] DEBUG: Scraped from <200 http://www.daomubiji.com/dao-mu-bi-ji-1>
{'bookName': '盗墓笔记1：七星鲁王宫',
 'bookTitle': '怒海潜沙',
 'zhLink': 'http://www.daomubiji.com/nu-hai-qian-sha-37.html',
 'zhName': '盗洞',
 'zhNum': '第三十七章'}
2018-11-30 14:14:10 [scrapy.core.scraper] DEBUG: Scraped from <200 http://www.daomubiji.com/dao-mu-bi-ji-1>
{'bookName': '盗墓笔记1：七星鲁王宫',
 'bookTitle': '怒海潜沙',
 'zhLink': 'http://www.daomubiji.com/nu-hai-qian-sha-38.html',
 'zhName': '禁婆',
 'zhNum': '第三十八章'}
2018-11-30 14:14:10 [scrapy.core.scraper] DEBUG: Scraped from <200 http://www.daomubiji.com/dao-mu-bi-ji-1>
{'bookName': '盗墓笔记1：七星鲁王宫',
 'bookTitle': '怒海潜沙',
 'zhLink': 'http://www.daomubiji.com/nu-hai-qian-sha-39.html',
 'zhName': '混战',
 'zhNum': '第三十九章'}
2018-11-30 14:14:10 [scrapy.core.scraper] DEBUG: Scraped from <200 http://www.daomubiji.com/dao-mu-bi-ji-1>
{'bookName': '盗墓笔记1：七星鲁王宫',
 'bookTitle': '怒海潜沙',
 'zhLink': 'http://www.daomubiji.com/nu-hai-qian-sha-40.html',
 'zhName': '墙洞',
 'zhNum': '第四十章'}
2018-11-30 14:14:10 [scrapy.core.scraper] DEBUG: Scraped from <200 http://www.daomubiji.com/dao-mu-bi-ji-1>
{'bookName': '盗墓笔记1：七星鲁王宫',
 'bookTitle': '怒海潜沙',
 'zhLink': 'http://www.daomubiji.com/nu-hai-qian-sha-41.html',
 'zhName': '珊瑚树',
 'zhNum': '第四十一章'}
2018-11-30 14:14:10 [scrapy.core.scraper] DEBUG: Scraped from <200 http://www.daomubiji.com/dao-mu-bi-ji-1>
{'bookName': '盗墓笔记1：七星鲁王宫',
 'bookTitle': '怒海潜沙',
 'zhLink': 'http://www.daomubiji.com/nu-hai-qian-sha-42.html',
 'zhName': '困境',
 'zhNum': '第四十二章'}
2018-11-30 14:14:10 [scrapy.core.scraper] DEBUG: Scraped from <200 http://www.daomubiji.com/dao-mu-bi-ji-1>
{'bookName': '盗墓笔记1：七星鲁王宫',
 'bookTitle': '怒海潜沙',
 'zhLink': 'http://www.daomubiji.com/nu-hai-qian-sha-43.html',
 'zhName': '炸弹',
 'zhNum': '第四十三章'}
2018-11-30 14:14:10 [scrapy.core.scraper] DEBUG: Scraped from <200 http://www.daomubiji.com/dao-mu-bi-ji-1>
{'bookName': '盗墓笔记1：七星鲁王宫',
 'bookTitle': '怒海潜沙',
 'zhLink': 'http://www.daomubiji.com/nu-hai-qian-sha-44.html',
 'zhName': '脱皮',
 'zhNum': '第四十四章'}
2018-11-30 14:14:10 [scrapy.core.scraper] DEBUG: Scraped from <200 http://www.daomubiji.com/dao-mu-bi-ji-1>
{'bookName': '盗墓笔记1：七星鲁王宫',
 'bookTitle': '怒海潜沙',
 'zhLink': 'http://www.daomubiji.com/nu-hai-qian-sha-45.html',
 'zhName': '脱出',
 'zhNum': '第四十五章'}
2018-11-30 14:14:10 [scrapy.core.scraper] DEBUG: Scraped from <200 http://www.daomubiji.com/dao-mu-bi-ji-1>
{'bookName': '盗墓笔记1：七星鲁王宫',
 'bookTitle': '怒海潜沙',
 'zhLink': 'http://www.daomubiji.com/nu-hai-qian-sha-46.html',
 'zhName': '总结',
 'zhNum': '第四十六章'}
2018-11-30 14:14:10 [scrapy.core.engine] INFO: Closing spider (finished)
2018-11-30 14:14:10 [scrapy.statscollectors] INFO: Dumping Scrapy stats:
{'downloader/request_bytes': 207,
 'downloader/request_count': 1,
 'downloader/request_method_count/GET': 1,
 'downloader/response_bytes': 3919,
 'downloader/response_count': 1,
 'downloader/response_status_count/200': 1,
 'finish_reason': 'finished',
 'finish_time': datetime.datetime(2018, 11, 30, 6, 14, 10, 915850),
 'item_scraped_count': 75,
 'log_count/DEBUG': 77,
 'log_count/INFO': 7,
 'memusage/max': 49201152,
 'memusage/startup': 49201152,
 'response_received_count': 1,
 'scheduler/dequeued': 1,
 'scheduler/dequeued/memory': 1,
 'scheduler/enqueued': 1,
 'scheduler/enqueued/memory': 1,
 'start_time': datetime.datetime(2018, 11, 30, 6, 14, 10, 173173)}
2018-11-30 14:14:10 [scrapy.core.engine] INFO: Spider closed (finished)
